Change Component Physical Designator: Old Designator=3C1 New Designator=7C1
Change Component Physical Designator: Old Designator=3C2 New Designator=7C2
Change Component Physical Designator: Old Designator=3C3 New Designator=7C3
Change Component Physical Designator: Old Designator=3C4 New Designator=7C4
Change Component Physical Designator: Old Designator=3C5 New Designator=7C5
Change Component Physical Designator: Old Designator=3R1 New Designator=7R1
Change Component Physical Designator: Old Designator=3U1 New Designator=7U1
Change Component Physical Designator: Old Designator=3XTAL1 New Designator=7XTAL1
Change Component Physical Designator: Old Designator=4C1 New Designator=8C1
Change Component Physical Designator: Old Designator=4C2 New Designator=8C2
Change Component Physical Designator: Old Designator=4C3 New Designator=8C3
Change Component Physical Designator: Old Designator=4C4 New Designator=8C4
Change Component Physical Designator: Old Designator=4C5 New Designator=8C5
Change Component Physical Designator: Old Designator=4R1 New Designator=8R1
Change Component Physical Designator: Old Designator=4U1 New Designator=8U1
Change Component Physical Designator: Old Designator=4XTAL1 New Designator=8XTAL1
Change Component Physical Designator: Old Designator=5C1 New Designator=9C1
Change Component Physical Designator: Old Designator=5C2 New Designator=9C2
Change Component Physical Designator: Old Designator=5C3 New Designator=9C3
Change Component Physical Designator: Old Designator=5C4 New Designator=9C4
Change Component Physical Designator: Old Designator=5C5 New Designator=9C5
Change Component Physical Designator: Old Designator=5R1 New Designator=9R1
Change Component Physical Designator: Old Designator=5U1 New Designator=9U1
Change Component Physical Designator: Old Designator=5XTAL1 New Designator=9XTAL1
Change Component Physical Designator: Old Designator=6C1 New Designator=10C1
Change Component Physical Designator: Old Designator=6C2 New Designator=10C2
Change Component Physical Designator: Old Designator=6C3 New Designator=10C3
Change Component Physical Designator: Old Designator=6C4 New Designator=10C4
Change Component Physical Designator: Old Designator=6C5 New Designator=10C5
Change Component Physical Designator: Old Designator=6R1 New Designator=10R1
Change Component Physical Designator: Old Designator=6U1 New Designator=10U1
Change Component Physical Designator: Old Designator=6XTAL1 New Designator=10XTAL1
Change Component Physical Designator: Old Designator=7C1 New Designator=6C1
Change Component Physical Designator: Old Designator=7JP1 New Designator=6JP1
Change Component Physical Designator: Old Designator=8C3 New Designator=4C1
Change Component Physical Designator: Old Designator=8C4 New Designator=4C2
Change Component Physical Designator: Old Designator=8C5 New Designator=4C3
Change Component Physical Designator: Old Designator=8C6 New Designator=4C4
Change Component Physical Designator: Old Designator=8C7 New Designator=4C5
Change Component Physical Designator: Old Designator=8C8 New Designator=4C6
Change Component Physical Designator: Old Designator=8C9 New Designator=4C7
Change Component Physical Designator: Old Designator=8C10 New Designator=4C8
Change Component Physical Designator: Old Designator=8C11 New Designator=4C9
Change Component Physical Designator: Old Designator=8C12 New Designator=4C10
Change Component Physical Designator: Old Designator=8C13 New Designator=4C11
Change Component Physical Designator: Old Designator=8C14 New Designator=4C12
Change Component Physical Designator: Old Designator=8C15 New Designator=4C13
Change Component Physical Designator: Old Designator=8C16 New Designator=4C14
Change Component Physical Designator: Old Designator=8C17 New Designator=4C15
Change Component Physical Designator: Old Designator=8C18 New Designator=4C16
Change Component Physical Designator: Old Designator=8C19 New Designator=4C17
Change Component Physical Designator: Old Designator=8C20 New Designator=4C18
Change Component Physical Designator: Old Designator=8C21 New Designator=4C19
Change Component Physical Designator: Old Designator=8C22 New Designator=4C20
Change Component Physical Designator: Old Designator=8C23 New Designator=4C21
Change Component Physical Designator: Old Designator=8C24 New Designator=4C22
Change Component Physical Designator: Old Designator=8C25 New Designator=4C23
Change Component Physical Designator: Old Designator=8C26 New Designator=4C24
Change Component Physical Designator: Old Designator=8C27 New Designator=4C25
Change Component Physical Designator: Old Designator=8C28 New Designator=4C26
Change Component Physical Designator: Old Designator=8C29 New Designator=4C27
Change Component Physical Designator: Old Designator=8C30 New Designator=4C28
Change Component Physical Designator: Old Designator=8C31 New Designator=4C29
Change Component Physical Designator: Old Designator=8C32 New Designator=4C30
Change Component Physical Designator: Old Designator=8C33 New Designator=4C31
Change Component Physical Designator: Old Designator=8C34 New Designator=4C32
Change Component Physical Designator: Old Designator=8C35 New Designator=4C33
Change Component Physical Designator: Old Designator=8C36 New Designator=4C34
Change Component Physical Designator: Old Designator=8C37 New Designator=4C35
Change Component Physical Designator: Old Designator=8C38 New Designator=4C36
Change Component Physical Designator: Old Designator=8C39 New Designator=4C37
Change Component Physical Designator: Old Designator=8C40 New Designator=4C38
Change Component Physical Designator: Old Designator=8C41 New Designator=4C39
Change Component Physical Designator: Old Designator=8C42 New Designator=4C40
Change Component Physical Designator: Old Designator=8C43 New Designator=4C41
Change Component Physical Designator: Old Designator=8C44 New Designator=4C42
Change Component Physical Designator: Old Designator=8C45 New Designator=4C43
Change Component Physical Designator: Old Designator=8C46 New Designator=4C44
Change Component Physical Designator: Old Designator=8C47 New Designator=4C45
Change Component Physical Designator: Old Designator=8C48 New Designator=4C46
Change Component Physical Designator: Old Designator=8C49 New Designator=4C47
Change Component Physical Designator: Old Designator=8C50 New Designator=4C48
Change Component Physical Designator: Old Designator=8C51 New Designator=4C49
Change Component Physical Designator: Old Designator=8C52 New Designator=4C50
Change Component Physical Designator: Old Designator=8C53 New Designator=4C51
Change Component Physical Designator: Old Designator=8C54 New Designator=4C52
Change Component Physical Designator: Old Designator=8C55 New Designator=4C53
Change Component Physical Designator: Old Designator=8C56 New Designator=4C54
Change Component Physical Designator: Old Designator=8C57 New Designator=4C55
Change Component Physical Designator: Old Designator=8C58 New Designator=4C56
Change Component Physical Designator: Old Designator=8C59 New Designator=4C57
Change Component Physical Designator: Old Designator=8C60 New Designator=4C58
Change Component Physical Designator: Old Designator=8C61 New Designator=4C59
Change Component Physical Designator: Old Designator=8C62 New Designator=4C60
Change Component Physical Designator: Old Designator=8C63 New Designator=4C61
Change Component Physical Designator: Old Designator=8C64 New Designator=4C62
Change Component Physical Designator: Old Designator=8C65 New Designator=4C63
Change Component Physical Designator: Old Designator=8C66 New Designator=4C64
Change Component Physical Designator: Old Designator=8C67 New Designator=4C65
Change Component Physical Designator: Old Designator=8C68 New Designator=4C66
Change Component Physical Designator: Old Designator=8C69 New Designator=4C67
Change Component Physical Designator: Old Designator=8C70 New Designator=4C68
Change Component Physical Designator: Old Designator=8C71 New Designator=4C69
Change Component Physical Designator: Old Designator=8C72 New Designator=4C70
Change Component Physical Designator: Old Designator=8C73 New Designator=4C71
Change Component Physical Designator: Old Designator=8C74 New Designator=4C72
Change Component Physical Designator: Old Designator=8C75 New Designator=4C73
Change Component Physical Designator: Old Designator=8C76 New Designator=4C74
Change Component Physical Designator: Old Designator=8JP1 New Designator=4JP1
Change Component Physical Designator: Old Designator=8U1 New Designator=4U1
Change Component Physical Designator: Old Designator=9C1 New Designator=3C1
Change Component Physical Designator: Old Designator=9C2 New Designator=3C2
Change Component Physical Designator: Old Designator=9C3 New Designator=3C3
Change Component Physical Designator: Old Designator=9C4 New Designator=3C4
Change Component Physical Designator: Old Designator=9C5 New Designator=3C5
Change Component Physical Designator: Old Designator=9C6 New Designator=3C6
Change Component Physical Designator: Old Designator=9C7 New Designator=3C7
Change Component Physical Designator: Old Designator=9C8 New Designator=3C8
Change Component Physical Designator: Old Designator=9C9 New Designator=3C9
Change Component Physical Designator: Old Designator=9C10 New Designator=3C10
Change Component Physical Designator: Old Designator=9C11 New Designator=3C11
Change Component Physical Designator: Old Designator=9C12 New Designator=3C12
Change Component Physical Designator: Old Designator=9C13 New Designator=3C13
Change Component Physical Designator: Old Designator=9C14 New Designator=3C14
Change Component Physical Designator: Old Designator=9C15 New Designator=3C15
Change Component Physical Designator: Old Designator=9C16 New Designator=3C16
Change Component Physical Designator: Old Designator=9D1 New Designator=3D1
Change Component Physical Designator: Old Designator=9D2 New Designator=3D2
Change Component Physical Designator: Old Designator=9D3 New Designator=3D3
Change Component Physical Designator: Old Designator=9JP1 New Designator=3JP1
Change Component Physical Designator: Old Designator=9L1 New Designator=3L1
Change Component Physical Designator: Old Designator=9L2 New Designator=3L2
Change Component Physical Designator: Old Designator=9L3 New Designator=3L3
Change Component Physical Designator: Old Designator=9R1 New Designator=3R1
Change Component Physical Designator: Old Designator=9R2 New Designator=3R2
Change Component Physical Designator: Old Designator=9R3 New Designator=3R3
Change Component Physical Designator: Old Designator=9R4 New Designator=3R4
Change Component Physical Designator: Old Designator=9R5 New Designator=3R5
Change Component Physical Designator: Old Designator=9R6 New Designator=3R6
Change Component Physical Designator: Old Designator=9R7 New Designator=3R7
Change Component Physical Designator: Old Designator=9R8 New Designator=3R8
Change Component Physical Designator: Old Designator=9R9 New Designator=3R9
Change Component Physical Designator: Old Designator=9R10 New Designator=3R10
Change Component Physical Designator: Old Designator=9R11 New Designator=3R11
Change Component Physical Designator: Old Designator=9R12 New Designator=3R12
Change Component Physical Designator: Old Designator=9R13 New Designator=3R13
Change Component Physical Designator: Old Designator=9R14 New Designator=3R14
Change Component Physical Designator: Old Designator=9R15 New Designator=3R15
Change Component Physical Designator: Old Designator=9R16 New Designator=3R16
Change Component Physical Designator: Old Designator=9R17 New Designator=3R17
Change Component Physical Designator: Old Designator=9R18 New Designator=3R18
Change Component Physical Designator: Old Designator=9R19 New Designator=3R19
Change Component Physical Designator: Old Designator=9U1 New Designator=3U1
Change Component Physical Designator: Old Designator=9U2 New Designator=3U2
Change Component Physical Designator: Old Designator=9U3 New Designator=3U3
Change Component Physical Designator: Old Designator=9U4 New Designator=3U4
Change Component Physical Designator: Old Designator=10J1 New Designator=5J1
Change Component Physical Designator: Old Designator=C97 New Designator=5C1
Change Component Physical Designator: Old Designator=C98 New Designator=5C2
Change Component Physical Designator: Old Designator=R21 New Designator=5R1
Change Component Physical Designator: Old Designator=R22 New Designator=5R2
Change Component Physical Designator: Old Designator=R23 New Designator=5R3
Change Component Physical Designator: Old Designator=R24 New Designator=5R4
Change Component Physical Designator: Old Designator=R25 New Designator=5R5
Change Component Physical Designator: Old Designator=R26 New Designator=5R6
Change Component Physical Designator: Old Designator=R27 New Designator=5R7
