Change Component Physical Designator: Old Designator=C1 New Designator=3C1
Change Component Physical Designator: Old Designator=C2 New Designator=3C2
Change Component Physical Designator: Old Designator=C3 New Designator=3C3
Change Component Physical Designator: Old Designator=C4 New Designator=3C4
Change Component Physical Designator: Old Designator=C5 New Designator=3C5
Change Component Physical Designator: Old Designator=C6 New Designator=3C6
Change Component Physical Designator: Old Designator=C7 New Designator=3C7
Change Component Physical Designator: Old Designator=C8 New Designator=3C8
Change Component Physical Designator: Old Designator=C9 New Designator=3C9
Change Component Physical Designator: Old Designator=C10 New Designator=4C10
Change Component Physical Designator: Old Designator=C11 New Designator=4C11
Change Component Physical Designator: Old Designator=C12 New Designator=7C12
Change Component Physical Designator: Old Designator=C12 New Designator=8C12
Change Component Physical Designator: Old Designator=C12 New Designator=9C12
Change Component Physical Designator: Old Designator=C12 New Designator=10C12
Change Component Physical Designator: Old Designator=C13 New Designator=7C13
Change Component Physical Designator: Old Designator=C13 New Designator=8C13
Change Component Physical Designator: Old Designator=C13 New Designator=9C13
Change Component Physical Designator: Old Designator=C13 New Designator=10C13
Change Component Physical Designator: Old Designator=C14 New Designator=7C14
Change Component Physical Designator: Old Designator=C14 New Designator=8C14
Change Component Physical Designator: Old Designator=C14 New Designator=9C14
Change Component Physical Designator: Old Designator=C14 New Designator=10C14
Change Component Physical Designator: Old Designator=C15 New Designator=7C15
Change Component Physical Designator: Old Designator=C15 New Designator=8C15
Change Component Physical Designator: Old Designator=C15 New Designator=9C15
Change Component Physical Designator: Old Designator=C15 New Designator=10C15
Change Component Physical Designator: Old Designator=C16 New Designator=7C16
Change Component Physical Designator: Old Designator=C16 New Designator=8C16
Change Component Physical Designator: Old Designator=C16 New Designator=9C16
Change Component Physical Designator: Old Designator=C16 New Designator=10C16
Change Component Physical Designator: Old Designator=D1 New Designator=3D1
Change Component Physical Designator: Old Designator=D2 New Designator=3D2
Change Component Physical Designator: Old Designator=JP1 New Designator=3JP1
Change Component Physical Designator: Old Designator=JP2 New Designator=1JP2
Change Component Physical Designator: Old Designator=L1 New Designator=3L1
Change Component Physical Designator: Old Designator=L2 New Designator=3L2
Change Component Physical Designator: Old Designator=R1 New Designator=3R1
Change Component Physical Designator: Old Designator=R2 New Designator=3R2
Change Component Physical Designator: Old Designator=R3 New Designator=3R3
Change Component Physical Designator: Old Designator=R4 New Designator=3R4
Change Component Physical Designator: Old Designator=R5 New Designator=3R5
Change Component Physical Designator: Old Designator=R6 New Designator=3R6
Change Component Physical Designator: Old Designator=R7 New Designator=3R7
Change Component Physical Designator: Old Designator=R8 New Designator=3R8
Change Component Physical Designator: Old Designator=R9 New Designator=3R9
Change Component Physical Designator: Old Designator=R10 New Designator=7R10
Change Component Physical Designator: Old Designator=R10 New Designator=8R10
Change Component Physical Designator: Old Designator=R10 New Designator=9R10
Change Component Physical Designator: Old Designator=R10 New Designator=10R10
Change Component Physical Designator: Old Designator=R11 New Designator=7R11
Change Component Physical Designator: Old Designator=R11 New Designator=8R11
Change Component Physical Designator: Old Designator=R11 New Designator=9R11
Change Component Physical Designator: Old Designator=R11 New Designator=10R11
Change Component Physical Designator: Old Designator=U1 New Designator=3U1
Change Component Physical Designator: Old Designator=U2 New Designator=3U2
Change Component Physical Designator: Old Designator=U3 New Designator=3U3
Change Component Physical Designator: Old Designator=U4 New Designator=4U4
Change Component Physical Designator: Old Designator=U5 New Designator=7U5
Change Component Physical Designator: Old Designator=U5 New Designator=8U5
Change Component Physical Designator: Old Designator=U5 New Designator=9U5
Change Component Physical Designator: Old Designator=U5 New Designator=10U5
Change Component Physical Designator: Old Designator=XTAL1 New Designator=7XTAL1
Change Component Physical Designator: Old Designator=XTAL1 New Designator=8XTAL1
Change Component Physical Designator: Old Designator=XTAL1 New Designator=9XTAL1
Change Component Physical Designator: Old Designator=XTAL1 New Designator=10XTAL1
