Change Component Physical Designator: Old Designator=4C1 New Designator=5C1
Change Component Physical Designator: Old Designator=4C2 New Designator=5C2
Change Component Physical Designator: Old Designator=4C3 New Designator=5C3
Change Component Physical Designator: Old Designator=4C4 New Designator=5C4
Change Component Physical Designator: Old Designator=4C5 New Designator=5C5
Change Component Physical Designator: Old Designator=4C6 New Designator=5C6
Change Component Physical Designator: Old Designator=4C7 New Designator=5C7
Change Component Physical Designator: Old Designator=4C8 New Designator=5C8
Change Component Physical Designator: Old Designator=4C9 New Designator=5C9
Change Component Physical Designator: Old Designator=4C10 New Designator=5C10
Change Component Physical Designator: Old Designator=4C11 New Designator=5C11
Change Component Physical Designator: Old Designator=4C12 New Designator=5C12
Change Component Physical Designator: Old Designator=4C13 New Designator=5C13
Change Component Physical Designator: Old Designator=4C14 New Designator=5C14
Change Component Physical Designator: Old Designator=4C15 New Designator=5C15
Change Component Physical Designator: Old Designator=4C16 New Designator=5C16
Change Component Physical Designator: Old Designator=4C17 New Designator=5C17
Change Component Physical Designator: Old Designator=4C18 New Designator=5C18
Change Component Physical Designator: Old Designator=4C19 New Designator=5C19
Change Component Physical Designator: Old Designator=4C20 New Designator=5C20
Change Component Physical Designator: Old Designator=4C21 New Designator=5C21
Change Component Physical Designator: Old Designator=4C22 New Designator=5C22
Change Component Physical Designator: Old Designator=4C23 New Designator=5C24
Change Component Physical Designator: Old Designator=4C24 New Designator=5C23
Change Component Physical Designator: Old Designator=4C25 New Designator=5C25
Change Component Physical Designator: Old Designator=4C26 New Designator=5C26
Change Component Physical Designator: Old Designator=4C27 New Designator=5C27
Change Component Physical Designator: Old Designator=4C28 New Designator=5C28
Change Component Physical Designator: Old Designator=4C29 New Designator=5C29
Change Component Physical Designator: Old Designator=4C30 New Designator=5C30
Change Component Physical Designator: Old Designator=4C31 New Designator=5C31
Change Component Physical Designator: Old Designator=4C32 New Designator=5C32
Change Component Physical Designator: Old Designator=4C33 New Designator=5C33
Change Component Physical Designator: Old Designator=4C34 New Designator=5C34
Change Component Physical Designator: Old Designator=4C35 New Designator=5C35
Change Component Physical Designator: Old Designator=4C36 New Designator=5C36
Change Component Physical Designator: Old Designator=4C37 New Designator=5C37
Change Component Physical Designator: Old Designator=4C38 New Designator=5C38
Change Component Physical Designator: Old Designator=4C39 New Designator=5C39
Change Component Physical Designator: Old Designator=4C40 New Designator=5C40
Change Component Physical Designator: Old Designator=4C41 New Designator=5C41
Change Component Physical Designator: Old Designator=4C42 New Designator=5C42
Change Component Physical Designator: Old Designator=4C43 New Designator=5C43
Change Component Physical Designator: Old Designator=4C44 New Designator=5C44
Change Component Physical Designator: Old Designator=4C45 New Designator=5C45
Change Component Physical Designator: Old Designator=4C46 New Designator=5C46
Change Component Physical Designator: Old Designator=4C47 New Designator=5C47
Change Component Physical Designator: Old Designator=4C48 New Designator=5C49
Change Component Physical Designator: Old Designator=4C49 New Designator=5C48
Change Component Physical Designator: Old Designator=4C50 New Designator=5C50
Change Component Physical Designator: Old Designator=4C51 New Designator=5C51
Change Component Physical Designator: Old Designator=4C52 New Designator=5C52
Change Component Physical Designator: Old Designator=4C53 New Designator=5C54
Change Component Physical Designator: Old Designator=4C54 New Designator=5C55
Change Component Physical Designator: Old Designator=4C55 New Designator=5C56
Change Component Physical Designator: Old Designator=4C56 New Designator=5C57
Change Component Physical Designator: Old Designator=4C57 New Designator=5C58
Change Component Physical Designator: Old Designator=4C58 New Designator=5C59
Change Component Physical Designator: Old Designator=4C59 New Designator=5C60
Change Component Physical Designator: Old Designator=4C60 New Designator=5C61
Change Component Physical Designator: Old Designator=4C61 New Designator=5C62
Change Component Physical Designator: Old Designator=4C62 New Designator=5C63
Change Component Physical Designator: Old Designator=4C63 New Designator=5C64
Change Component Physical Designator: Old Designator=4C64 New Designator=5C65
Change Component Physical Designator: Old Designator=4C65 New Designator=5C66
Change Component Physical Designator: Old Designator=4C66 New Designator=5C67
Change Component Physical Designator: Old Designator=4C67 New Designator=5C68
Change Component Physical Designator: Old Designator=4C68 New Designator=5C69
Change Component Physical Designator: Old Designator=4C69 New Designator=5C70
Change Component Physical Designator: Old Designator=4C70 New Designator=5C71
Change Component Physical Designator: Old Designator=4C71 New Designator=5C72
Change Component Physical Designator: Old Designator=4C72 New Designator=5C73
Change Component Physical Designator: Old Designator=4C73 New Designator=5C74
Change Component Physical Designator: Old Designator=4C74 New Designator=5C75
Change Component Physical Designator: Old Designator=4JP1 New Designator=5JP2
Change Component Physical Designator: Old Designator=4U1 New Designator=5U1
Change Component Physical Designator: Old Designator=5C1 New Designator=4C1
Change Component Physical Designator: Old Designator=5C2 New Designator=4C2
Change Component Physical Designator: Old Designator=5J1 New Designator=4J1
Change Component Physical Designator: Old Designator=5R1 New Designator=4R1
Change Component Physical Designator: Old Designator=5R2 New Designator=4R2
Change Component Physical Designator: Old Designator=5R3 New Designator=4R3
Change Component Physical Designator: Old Designator=5R4 New Designator=4R4
Change Component Physical Designator: Old Designator=5R5 New Designator=4R5
Change Component Physical Designator: Old Designator=5R6 New Designator=4R6
Change Component Physical Designator: Old Designator=5R7 New Designator=4R7
Change Component Physical Designator: Old Designator=C74 New Designator=5C53
Change Component Physical Designator: Old Designator=JP2 New Designator=5JP1
Change Component Physical Designator: Old Designator=R21 New Designator=5R1
Change Component Physical Designator: Old Designator=R22 New Designator=5R2
