Change Component Physical Designator: Old Designator=3C1 New Designator=9C8
Change Component Physical Designator: Old Designator=3C2 New Designator=9C9
Change Component Physical Designator: Old Designator=3C3 New Designator=9C10
Change Component Physical Designator: Old Designator=3C4 New Designator=9C11
Change Component Physical Designator: Old Designator=3C5 New Designator=9C12
Change Component Physical Designator: Old Designator=3C6 New Designator=9C14
Change Component Physical Designator: Old Designator=3C7 New Designator=9C15
Change Component Physical Designator: Old Designator=3C8 New Designator=9C16
Change Component Physical Designator: Old Designator=3C9 New Designator=9C13
Change Component Physical Designator: Old Designator=3D1 New Designator=9D2
Change Component Physical Designator: Old Designator=3D2 New Designator=9D3
Change Component Physical Designator: Old Designator=3JP1 New Designator=9JP1
Change Component Physical Designator: Old Designator=3L1 New Designator=9L2
Change Component Physical Designator: Old Designator=3L2 New Designator=9L3
Change Component Physical Designator: Old Designator=3R1 New Designator=9R11
Change Component Physical Designator: Old Designator=3R2 New Designator=9R12
Change Component Physical Designator: Old Designator=3R3 New Designator=9R14
Change Component Physical Designator: Old Designator=3R4 New Designator=9R13
Change Component Physical Designator: Old Designator=3R5 New Designator=9R15
Change Component Physical Designator: Old Designator=3R6 New Designator=9R16
Change Component Physical Designator: Old Designator=3R7 New Designator=9R17
Change Component Physical Designator: Old Designator=3R8 New Designator=9R19
Change Component Physical Designator: Old Designator=3R9 New Designator=9R18
Change Component Physical Designator: Old Designator=3U1 New Designator=9U2
Change Component Physical Designator: Old Designator=3U2 New Designator=9U3
Change Component Physical Designator: Old Designator=3U3 New Designator=9U4
Change Component Physical Designator: Old Designator=4C1 New Designator=8C1
Change Component Physical Designator: Old Designator=4C2 New Designator=8C2
Change Component Physical Designator: Old Designator=4U1 New Designator=8U1
Change Component Physical Designator: Old Designator=C1 New Designator=3C1
Change Component Physical Designator: Old Designator=C1 New Designator=4C1
Change Component Physical Designator: Old Designator=C1 New Designator=5C1
Change Component Physical Designator: Old Designator=C1 New Designator=6C1
Change Component Physical Designator: Old Designator=C2 New Designator=3C2
Change Component Physical Designator: Old Designator=C2 New Designator=4C2
Change Component Physical Designator: Old Designator=C2 New Designator=5C2
Change Component Physical Designator: Old Designator=C2 New Designator=6C2
Change Component Physical Designator: Old Designator=C3 New Designator=3C3
Change Component Physical Designator: Old Designator=C3 New Designator=4C3
Change Component Physical Designator: Old Designator=C3 New Designator=5C3
Change Component Physical Designator: Old Designator=C3 New Designator=6C3
Change Component Physical Designator: Old Designator=C4 New Designator=3C4
Change Component Physical Designator: Old Designator=C4 New Designator=4C4
Change Component Physical Designator: Old Designator=C4 New Designator=5C4
Change Component Physical Designator: Old Designator=C4 New Designator=6C4
Change Component Physical Designator: Old Designator=C5 New Designator=3C5
Change Component Physical Designator: Old Designator=C5 New Designator=4C5
Change Component Physical Designator: Old Designator=C5 New Designator=5C5
Change Component Physical Designator: Old Designator=C5 New Designator=6C5
Change Component Physical Designator: Old Designator=C17 New Designator=9C1
Change Component Physical Designator: Old Designator=C18 New Designator=9C2
Change Component Physical Designator: Old Designator=C19 New Designator=9C3
Change Component Physical Designator: Old Designator=C20 New Designator=9C4
Change Component Physical Designator: Old Designator=C21 New Designator=9C5
Change Component Physical Designator: Old Designator=C22 New Designator=9C6
Change Component Physical Designator: Old Designator=C23 New Designator=9C7
Change Component Physical Designator: Old Designator=C24 New Designator=8C3
Change Component Physical Designator: Old Designator=C25 New Designator=8C4
Change Component Physical Designator: Old Designator=C26 New Designator=8C5
Change Component Physical Designator: Old Designator=C27 New Designator=8C6
Change Component Physical Designator: Old Designator=C28 New Designator=8C7
Change Component Physical Designator: Old Designator=C29 New Designator=8C8
Change Component Physical Designator: Old Designator=C30 New Designator=8C9
Change Component Physical Designator: Old Designator=C31 New Designator=8C10
Change Component Physical Designator: Old Designator=C32 New Designator=8C11
Change Component Physical Designator: Old Designator=C33 New Designator=8C12
Change Component Physical Designator: Old Designator=C34 New Designator=8C13
Change Component Physical Designator: Old Designator=C35 New Designator=8C14
Change Component Physical Designator: Old Designator=C36 New Designator=8C15
Change Component Physical Designator: Old Designator=C37 New Designator=8C16
Change Component Physical Designator: Old Designator=C38 New Designator=8C17
Change Component Physical Designator: Old Designator=C39 New Designator=8C18
Change Component Physical Designator: Old Designator=C40 New Designator=8C19
Change Component Physical Designator: Old Designator=C41 New Designator=8C20
Change Component Physical Designator: Old Designator=C42 New Designator=8C21
Change Component Physical Designator: Old Designator=C43 New Designator=8C22
Change Component Physical Designator: Old Designator=C44 New Designator=8C23
Change Component Physical Designator: Old Designator=C45 New Designator=8C24
Change Component Physical Designator: Old Designator=C46 New Designator=8C25
Change Component Physical Designator: Old Designator=C47 New Designator=8C26
Change Component Physical Designator: Old Designator=C48 New Designator=8C27
Change Component Physical Designator: Old Designator=C49 New Designator=8C28
Change Component Physical Designator: Old Designator=C50 New Designator=8C29
Change Component Physical Designator: Old Designator=C51 New Designator=8C30
Change Component Physical Designator: Old Designator=C52 New Designator=8C31
Change Component Physical Designator: Old Designator=C53 New Designator=8C32
Change Component Physical Designator: Old Designator=C54 New Designator=8C33
Change Component Physical Designator: Old Designator=C55 New Designator=8C34
Change Component Physical Designator: Old Designator=C56 New Designator=8C35
Change Component Physical Designator: Old Designator=C57 New Designator=8C36
Change Component Physical Designator: Old Designator=C58 New Designator=8C37
Change Component Physical Designator: Old Designator=C59 New Designator=8C38
Change Component Physical Designator: Old Designator=C60 New Designator=8C39
Change Component Physical Designator: Old Designator=C61 New Designator=8C40
Change Component Physical Designator: Old Designator=C62 New Designator=8C41
Change Component Physical Designator: Old Designator=C63 New Designator=8C42
Change Component Physical Designator: Old Designator=C64 New Designator=8C43
Change Component Physical Designator: Old Designator=C65 New Designator=8C44
Change Component Physical Designator: Old Designator=C66 New Designator=8C45
Change Component Physical Designator: Old Designator=C67 New Designator=8C46
Change Component Physical Designator: Old Designator=C68 New Designator=8C47
Change Component Physical Designator: Old Designator=C69 New Designator=8C48
Change Component Physical Designator: Old Designator=C70 New Designator=8C49
Change Component Physical Designator: Old Designator=C71 New Designator=8C50
Change Component Physical Designator: Old Designator=C72 New Designator=8C51
Change Component Physical Designator: Old Designator=C73 New Designator=8C52
Change Component Physical Designator: Old Designator=C74 New Designator=8C53
Change Component Physical Designator: Old Designator=C75 New Designator=8C54
Change Component Physical Designator: Old Designator=C76 New Designator=8C55
Change Component Physical Designator: Old Designator=C77 New Designator=8C56
Change Component Physical Designator: Old Designator=C78 New Designator=8C57
Change Component Physical Designator: Old Designator=C79 New Designator=8C58
Change Component Physical Designator: Old Designator=C80 New Designator=8C59
Change Component Physical Designator: Old Designator=C81 New Designator=8C60
Change Component Physical Designator: Old Designator=C82 New Designator=8C61
Change Component Physical Designator: Old Designator=C83 New Designator=8C62
Change Component Physical Designator: Old Designator=C84 New Designator=8C63
Change Component Physical Designator: Old Designator=C85 New Designator=8C64
Change Component Physical Designator: Old Designator=C86 New Designator=8C65
Change Component Physical Designator: Old Designator=C87 New Designator=8C66
Change Component Physical Designator: Old Designator=C88 New Designator=8C67
Change Component Physical Designator: Old Designator=C89 New Designator=8C68
Change Component Physical Designator: Old Designator=C90 New Designator=8C69
Change Component Physical Designator: Old Designator=C91 New Designator=8C70
Change Component Physical Designator: Old Designator=C92 New Designator=8C71
Change Component Physical Designator: Old Designator=C93 New Designator=8C72
Change Component Physical Designator: Old Designator=C94 New Designator=8C73
Change Component Physical Designator: Old Designator=C95 New Designator=8C74
Change Component Physical Designator: Old Designator=C96 New Designator=8C75
Change Component Physical Designator: Old Designator=C97 New Designator=8C76
Change Component Physical Designator: Old Designator=C98 New Designator=7C1
Change Component Physical Designator: Old Designator=D3 New Designator=9D1
Change Component Physical Designator: Old Designator=J1 New Designator=10J1
Change Component Physical Designator: Old Designator=JP3 New Designator=8JP1
Change Component Physical Designator: Old Designator=JP4 New Designator=7JP1
Change Component Physical Designator: Old Designator=L3 New Designator=9L1
Change Component Physical Designator: Old Designator=R1 New Designator=9R1
Change Component Physical Designator: Old Designator=R2 New Designator=3R1
Change Component Physical Designator: Old Designator=R2 New Designator=4R1
Change Component Physical Designator: Old Designator=R2 New Designator=5R1
Change Component Physical Designator: Old Designator=R2 New Designator=6R1
Change Component Physical Designator: Old Designator=R12 New Designator=9R2
Change Component Physical Designator: Old Designator=R13 New Designator=9R3
Change Component Physical Designator: Old Designator=R14 New Designator=9R4
Change Component Physical Designator: Old Designator=R15 New Designator=9R5
Change Component Physical Designator: Old Designator=R16 New Designator=9R6
Change Component Physical Designator: Old Designator=R17 New Designator=9R7
Change Component Physical Designator: Old Designator=R18 New Designator=9R8
Change Component Physical Designator: Old Designator=R19 New Designator=9R9
Change Component Physical Designator: Old Designator=R20 New Designator=9R10
Change Component Physical Designator: Old Designator=U1 New Designator=3U1
Change Component Physical Designator: Old Designator=U1 New Designator=4U1
Change Component Physical Designator: Old Designator=U1 New Designator=5U1
Change Component Physical Designator: Old Designator=U1 New Designator=6U1
Change Component Physical Designator: Old Designator=U6 New Designator=9U1
Change Component Physical Designator: Old Designator=XTAL1 New Designator=3XTAL1
Change Component Physical Designator: Old Designator=XTAL1 New Designator=4XTAL1
Change Component Physical Designator: Old Designator=XTAL1 New Designator=5XTAL1
Change Component Physical Designator: Old Designator=XTAL1 New Designator=6XTAL1
