Change Component Physical Designator: Old Designator=3C11 New Designator=3C10
Change Component Physical Designator: Old Designator=3C12 New Designator=3C11
Change Component Physical Designator: Old Designator=3C13 New Designator=3C12
Change Component Physical Designator: Old Designator=3C14 New Designator=3C13
Change Component Physical Designator: Old Designator=3C15 New Designator=3C14
Change Component Physical Designator: Old Designator=3C16 New Designator=3C15
Change Component Physical Designator: Old Designator=3L3 New Designator=3L2
Change Component Physical Designator: Old Designator=3R1 New Designator=3R2
Change Component Physical Designator: Old Designator=3R2 New Designator=3R3
Change Component Physical Designator: Old Designator=3R3 New Designator=3R4
Change Component Physical Designator: Old Designator=3R4 New Designator=3R5
Change Component Physical Designator: Old Designator=3R5 New Designator=3R6
Change Component Physical Designator: Old Designator=3R6 New Designator=3R7
Change Component Physical Designator: Old Designator=3R7 New Designator=3R8
Change Component Physical Designator: Old Designator=3R8 New Designator=3R9
Change Component Physical Designator: Old Designator=3R9 New Designator=3R10
Change Component Physical Designator: Old Designator=3R10 New Designator=3R11
Change Component Physical Designator: Old Designator=3R11 New Designator=3R12
Change Component Physical Designator: Old Designator=3R12 New Designator=3R13
Change Component Physical Designator: Old Designator=3R13 New Designator=3R15
Change Component Physical Designator: Old Designator=3R14 New Designator=3R16
Change Component Physical Designator: Old Designator=3R15 New Designator=3R17
Change Component Physical Designator: Old Designator=3R17 New Designator=3R21
Change Component Physical Designator: Old Designator=3R18 New Designator=3R22
Change Component Physical Designator: Old Designator=3R19 New Designator=3R23
Change Component Physical Designator: Old Designator=4C1 New Designator=8C1
Change Component Physical Designator: Old Designator=4C2 New Designator=8C2
Change Component Physical Designator: Old Designator=4J1 New Designator=8J1
Change Component Physical Designator: Old Designator=4R1 New Designator=8R1
Change Component Physical Designator: Old Designator=4R2 New Designator=8R2
Change Component Physical Designator: Old Designator=4R3 New Designator=8R3
Change Component Physical Designator: Old Designator=4R4 New Designator=8R4
Change Component Physical Designator: Old Designator=4R5 New Designator=8R5
Change Component Physical Designator: Old Designator=4R6 New Designator=8R6
Change Component Physical Designator: Old Designator=4R7 New Designator=8R7
Change Component Physical Designator: Old Designator=5C1 New Designator=4C2
Change Component Physical Designator: Old Designator=5C2 New Designator=4C1
Change Component Physical Designator: Old Designator=5C3 New Designator=4C6
Change Component Physical Designator: Old Designator=5C4 New Designator=4C5
Change Component Physical Designator: Old Designator=5C5 New Designator=4C7
Change Component Physical Designator: Old Designator=5C6 New Designator=4C8
Change Component Physical Designator: Old Designator=5C7 New Designator=4C9
Change Component Physical Designator: Old Designator=5C8 New Designator=4C10
Change Component Physical Designator: Old Designator=5C9 New Designator=4C11
Change Component Physical Designator: Old Designator=5C10 New Designator=4C12
Change Component Physical Designator: Old Designator=5C11 New Designator=4C13
Change Component Physical Designator: Old Designator=5C12 New Designator=4C14
Change Component Physical Designator: Old Designator=5C13 New Designator=4C15
Change Component Physical Designator: Old Designator=5C14 New Designator=4C16
Change Component Physical Designator: Old Designator=5C15 New Designator=4C17
Change Component Physical Designator: Old Designator=5C16 New Designator=4C18
Change Component Physical Designator: Old Designator=5C17 New Designator=4C19
Change Component Physical Designator: Old Designator=5C18 New Designator=4C20
Change Component Physical Designator: Old Designator=5C19 New Designator=4C21
Change Component Physical Designator: Old Designator=5C20 New Designator=4C22
Change Component Physical Designator: Old Designator=5C21 New Designator=4C23
Change Component Physical Designator: Old Designator=5C22 New Designator=4C24
Change Component Physical Designator: Old Designator=5C23 New Designator=4C27
Change Component Physical Designator: Old Designator=5C24 New Designator=4C25
Change Component Physical Designator: Old Designator=5C25 New Designator=4C26
Change Component Physical Designator: Old Designator=5C26 New Designator=4C28
Change Component Physical Designator: Old Designator=5C27 New Designator=4C29
Change Component Physical Designator: Old Designator=5C28 New Designator=4C30
Change Component Physical Designator: Old Designator=5C29 New Designator=4C31
Change Component Physical Designator: Old Designator=5C30 New Designator=4C32
Change Component Physical Designator: Old Designator=5C31 New Designator=4C33
Change Component Physical Designator: Old Designator=5C32 New Designator=4C34
Change Component Physical Designator: Old Designator=5C33 New Designator=4C35
Change Component Physical Designator: Old Designator=5C34 New Designator=4C36
Change Component Physical Designator: Old Designator=5C35 New Designator=4C37
Change Component Physical Designator: Old Designator=5C36 New Designator=4C38
Change Component Physical Designator: Old Designator=5C37 New Designator=4C39
Change Component Physical Designator: Old Designator=5C38 New Designator=4C40
Change Component Physical Designator: Old Designator=5C39 New Designator=4C41
Change Component Physical Designator: Old Designator=5C40 New Designator=4C42
Change Component Physical Designator: Old Designator=5C41 New Designator=4C43
Change Component Physical Designator: Old Designator=5C42 New Designator=4C44
Change Component Physical Designator: Old Designator=5C43 New Designator=4C45
Change Component Physical Designator: Old Designator=5C44 New Designator=4C46
Change Component Physical Designator: Old Designator=5C45 New Designator=4C47
Change Component Physical Designator: Old Designator=5C46 New Designator=4C48
Change Component Physical Designator: Old Designator=5C47 New Designator=4C49
Change Component Physical Designator: Old Designator=5C48 New Designator=4C52
Change Component Physical Designator: Old Designator=5C49 New Designator=4C50
Change Component Physical Designator: Old Designator=5C50 New Designator=4C51
Change Component Physical Designator: Old Designator=5C51 New Designator=4C53
Change Component Physical Designator: Old Designator=5C52 New Designator=4C54
Change Component Physical Designator: Old Designator=5C53 New Designator=4C55
Change Component Physical Designator: Old Designator=5C54 New Designator=4C56
Change Component Physical Designator: Old Designator=5C55 New Designator=4C57
Change Component Physical Designator: Old Designator=5C56 New Designator=4C58
Change Component Physical Designator: Old Designator=5C57 New Designator=4C59
Change Component Physical Designator: Old Designator=5C58 New Designator=4C60
Change Component Physical Designator: Old Designator=5C59 New Designator=4C61
Change Component Physical Designator: Old Designator=5C60 New Designator=4C62
Change Component Physical Designator: Old Designator=5C61 New Designator=4C63
Change Component Physical Designator: Old Designator=5C62 New Designator=4C64
Change Component Physical Designator: Old Designator=5C63 New Designator=4C65
Change Component Physical Designator: Old Designator=5C64 New Designator=4C66
Change Component Physical Designator: Old Designator=5C65 New Designator=4C67
Change Component Physical Designator: Old Designator=5C66 New Designator=4C68
Change Component Physical Designator: Old Designator=5C67 New Designator=4C69
Change Component Physical Designator: Old Designator=5C68 New Designator=4C70
Change Component Physical Designator: Old Designator=5C69 New Designator=4C71
Change Component Physical Designator: Old Designator=5C70 New Designator=4C72
Change Component Physical Designator: Old Designator=5C71 New Designator=4C73
Change Component Physical Designator: Old Designator=5C72 New Designator=4C74
Change Component Physical Designator: Old Designator=5C73 New Designator=4C75
Change Component Physical Designator: Old Designator=5C74 New Designator=4C76
Change Component Physical Designator: Old Designator=5C75 New Designator=4C77
Change Component Physical Designator: Old Designator=5JP1 New Designator=4JP3
Change Component Physical Designator: Old Designator=5JP2 New Designator=4JP4
Change Component Physical Designator: Old Designator=5R1 New Designator=4R2
Change Component Physical Designator: Old Designator=5R2 New Designator=4R3
Change Component Physical Designator: Old Designator=5U1 New Designator=4U1
Change Component Physical Designator: Old Designator=6C1 New Designator=7C1
Change Component Physical Designator: Old Designator=6JP1 New Designator=7JP1
Change Component Physical Designator: Old Designator=C1 New Designator=9C1
Change Component Physical Designator: Old Designator=C1 New Designator=10C1
Change Component Physical Designator: Old Designator=C1 New Designator=11C1
Change Component Physical Designator: Old Designator=C1 New Designator=12C1
Change Component Physical Designator: Old Designator=C2 New Designator=9C2
Change Component Physical Designator: Old Designator=C2 New Designator=10C2
Change Component Physical Designator: Old Designator=C2 New Designator=11C2
Change Component Physical Designator: Old Designator=C2 New Designator=12C2
Change Component Physical Designator: Old Designator=C3 New Designator=9C3
Change Component Physical Designator: Old Designator=C3 New Designator=10C3
Change Component Physical Designator: Old Designator=C3 New Designator=11C3
Change Component Physical Designator: Old Designator=C3 New Designator=12C3
Change Component Physical Designator: Old Designator=C4 New Designator=9C4
Change Component Physical Designator: Old Designator=C4 New Designator=10C4
Change Component Physical Designator: Old Designator=C4 New Designator=11C4
Change Component Physical Designator: Old Designator=C4 New Designator=12C4
Change Component Physical Designator: Old Designator=C5 New Designator=9C5
Change Component Physical Designator: Old Designator=C5 New Designator=10C5
Change Component Physical Designator: Old Designator=C5 New Designator=11C5
Change Component Physical Designator: Old Designator=C5 New Designator=12C5
Change Component Physical Designator: Old Designator=C6 New Designator=9C6
Change Component Physical Designator: Old Designator=C6 New Designator=10C6
Change Component Physical Designator: Old Designator=C6 New Designator=11C6
Change Component Physical Designator: Old Designator=C6 New Designator=12C6
Change Component Physical Designator: Old Designator=C24 New Designator=4C3
Change Component Physical Designator: Old Designator=C25 New Designator=4C4
Change Component Physical Designator: Old Designator=C102 New Designator=5C1
Change Component Physical Designator: Old Designator=C103 New Designator=5C2
Change Component Physical Designator: Old Designator=C104 New Designator=5C3
Change Component Physical Designator: Old Designator=C105 New Designator=5C4
Change Component Physical Designator: Old Designator=C106 New Designator=5C5
Change Component Physical Designator: Old Designator=C107 New Designator=5C6
Change Component Physical Designator: Old Designator=D4 New Designator=5D1
Change Component Physical Designator: Old Designator=D5 New Designator=5D2
Change Component Physical Designator: Old Designator=D6 New Designator=5D3
Change Component Physical Designator: Old Designator=D7 New Designator=5D4
Change Component Physical Designator: Old Designator=D8 New Designator=5D5
Change Component Physical Designator: Old Designator=D9 New Designator=5D6
Change Component Physical Designator: Old Designator=D10 New Designator=5D7
Change Component Physical Designator: Old Designator=D11 New Designator=5D8
Change Component Physical Designator: Old Designator=D12 New Designator=5D9
Change Component Physical Designator: Old Designator=D13 New Designator=5D10
Change Component Physical Designator: Old Designator=D14 New Designator=5D11
Change Component Physical Designator: Old Designator=D15 New Designator=5D12
Change Component Physical Designator: Old Designator=D16 New Designator=5D13
Change Component Physical Designator: Old Designator=D17 New Designator=5D14
Change Component Physical Designator: Old Designator=D18 New Designator=5D15
Change Component Physical Designator: Old Designator=JP1 New Designator=3JP1
Change Component Physical Designator: Old Designator=JP2 New Designator=3JP2
Change Component Physical Designator: Old Designator=JP3 New Designator=3JP3
Change Component Physical Designator: Old Designator=JP4 New Designator=3JP4
Change Component Physical Designator: Old Designator=JP5 New Designator=4JP1
Change Component Physical Designator: Old Designator=JP6 New Designator=4JP2
Change Component Physical Designator: Old Designator=R1 New Designator=9R1
Change Component Physical Designator: Old Designator=R1 New Designator=10R1
Change Component Physical Designator: Old Designator=R1 New Designator=11R1
Change Component Physical Designator: Old Designator=R1 New Designator=12R1
Change Component Physical Designator: Old Designator=R2 New Designator=9R2
Change Component Physical Designator: Old Designator=R2 New Designator=10R2
Change Component Physical Designator: Old Designator=R2 New Designator=11R2
Change Component Physical Designator: Old Designator=R2 New Designator=12R2
Change Component Physical Designator: Old Designator=R3 New Designator=3R1
Change Component Physical Designator: Old Designator=R16 New Designator=3R14
Change Component Physical Designator: Old Designator=R20 New Designator=3R18
Change Component Physical Designator: Old Designator=R21 New Designator=3R19
Change Component Physical Designator: Old Designator=R22 New Designator=3R20
Change Component Physical Designator: Old Designator=R26 New Designator=4R1
Change Component Physical Designator: Old Designator=R36 New Designator=6R1
Change Component Physical Designator: Old Designator=R37 New Designator=6R2
Change Component Physical Designator: Old Designator=R38 New Designator=6R3
Change Component Physical Designator: Old Designator=R39 New Designator=6R4
Change Component Physical Designator: Old Designator=R40 New Designator=6R5
Change Component Physical Designator: Old Designator=R41 New Designator=6R6
Change Component Physical Designator: Old Designator=R42 New Designator=6R7
Change Component Physical Designator: Old Designator=R43 New Designator=6R8
Change Component Physical Designator: Old Designator=R44 New Designator=6R9
Change Component Physical Designator: Old Designator=R45 New Designator=6R10
Change Component Physical Designator: Old Designator=R46 New Designator=6R11
Change Component Physical Designator: Old Designator=R47 New Designator=6R12
Change Component Physical Designator: Old Designator=R48 New Designator=6R13
Change Component Physical Designator: Old Designator=R49 New Designator=6R14
Change Component Physical Designator: Old Designator=R50 New Designator=6R15
Change Component Physical Designator: Old Designator=R51 New Designator=6R16
Change Component Physical Designator: Old Designator=R52 New Designator=6R17
Change Component Physical Designator: Old Designator=R53 New Designator=6R18
Change Component Physical Designator: Old Designator=R54 New Designator=6R19
Change Component Physical Designator: Old Designator=R55 New Designator=6R20
Change Component Physical Designator: Old Designator=R56 New Designator=5R1
Change Component Physical Designator: Old Designator=R57 New Designator=5R2
Change Component Physical Designator: Old Designator=R58 New Designator=5R3
Change Component Physical Designator: Old Designator=R59 New Designator=5R4
Change Component Physical Designator: Old Designator=R60 New Designator=5R5
Change Component Physical Designator: Old Designator=R61 New Designator=5R6
Change Component Physical Designator: Old Designator=R62 New Designator=5R7
Change Component Physical Designator: Old Designator=R63 New Designator=5R8
Change Component Physical Designator: Old Designator=R64 New Designator=5R9
Change Component Physical Designator: Old Designator=R65 New Designator=5R10
Change Component Physical Designator: Old Designator=R66 New Designator=5R11
Change Component Physical Designator: Old Designator=R67 New Designator=5R12
Change Component Physical Designator: Old Designator=R68 New Designator=5R13
Change Component Physical Designator: Old Designator=R69 New Designator=5R14
Change Component Physical Designator: Old Designator=R70 New Designator=5R15
Change Component Physical Designator: Old Designator=R71 New Designator=5R16
Change Component Physical Designator: Old Designator=R72 New Designator=5R17
Change Component Physical Designator: Old Designator=R73 New Designator=5R18
Change Component Physical Designator: Old Designator=R74 New Designator=5R19
Change Component Physical Designator: Old Designator=R75 New Designator=5R20
Change Component Physical Designator: Old Designator=R76 New Designator=5R21
Change Component Physical Designator: Old Designator=R77 New Designator=5R22
Change Component Physical Designator: Old Designator=R78 New Designator=5R23
Change Component Physical Designator: Old Designator=U1 New Designator=9U1
Change Component Physical Designator: Old Designator=U1 New Designator=10U1
Change Component Physical Designator: Old Designator=U1 New Designator=11U1
Change Component Physical Designator: Old Designator=U1 New Designator=12U1
Change Component Physical Designator: Old Designator=U7 New Designator=6U1
Change Component Physical Designator: Old Designator=U8 New Designator=6U2
Change Component Physical Designator: Old Designator=U9 New Designator=6U3
Change Component Physical Designator: Old Designator=U10 New Designator=6U4
Change Component Physical Designator: Old Designator=U11 New Designator=6U5
Change Component Physical Designator: Old Designator=U12 New Designator=6U6
Change Component Physical Designator: Old Designator=U13 New Designator=6U7
Change Component Physical Designator: Old Designator=U14 New Designator=6U8
Change Component Physical Designator: Old Designator=U15 New Designator=6U9
Change Component Physical Designator: Old Designator=U16 New Designator=6U10
Change Component Physical Designator: Old Designator=XTAL1 New Designator=9XTAL1
Change Component Physical Designator: Old Designator=XTAL1 New Designator=10XTAL1
Change Component Physical Designator: Old Designator=XTAL1 New Designator=11XTAL1
Change Component Physical Designator: Old Designator=XTAL1 New Designator=12XTAL1
Change Component Physical Designator: Old Designator=XTAL2 New Designator=4XTAL1
