Change Component Designator: Old Designator=C44 New Designator=C45
Change Component Designator: Old Designator=C45 New Designator=C44
Change Component Designator: Old Designator=C69 New Designator=C70
Change Component Designator: Old Designator=C70 New Designator=C69
Change Component Designator: Old Designator=C74 New Designator=C75
Change Component Designator: Old Designator=C75 New Designator=C76
Change Component Designator: Old Designator=C76 New Designator=C77
Change Component Designator: Old Designator=C77 New Designator=C78
Change Component Designator: Old Designator=C78 New Designator=C79
Change Component Designator: Old Designator=C79 New Designator=C80
Change Component Designator: Old Designator=C80 New Designator=C81
Change Component Designator: Old Designator=C81 New Designator=C82
Change Component Designator: Old Designator=C82 New Designator=C83
Change Component Designator: Old Designator=C83 New Designator=C84
Change Component Designator: Old Designator=C84 New Designator=C85
Change Component Designator: Old Designator=C85 New Designator=C86
Change Component Designator: Old Designator=C86 New Designator=C87
Change Component Designator: Old Designator=C87 New Designator=C88
Change Component Designator: Old Designator=C88 New Designator=C89
Change Component Designator: Old Designator=C89 New Designator=C90
Change Component Designator: Old Designator=C90 New Designator=C91
Change Component Designator: Old Designator=C91 New Designator=C92
Change Component Designator: Old Designator=C92 New Designator=C93
Change Component Designator: Old Designator=C93 New Designator=C94
Change Component Designator: Old Designator=C94 New Designator=C95
Change Component Designator: Old Designator=C95 New Designator=C96
Change Component Designator: Old Designator=C? New Designator=C74
Change Component Designator: Old Designator=JP2 New Designator=JP3
Change Component Designator: Old Designator=JP? New Designator=JP2
Change Component Designator: Old Designator=R? New Designator=R21
Change Component Designator: Old Designator=R? New Designator=R22
